<?xml version="1.0" encoding="UTF-8"?>
<!-- Generated by org.testng.reporters.JUnitXMLReporter -->
<testsuite ignored="0" hostname="DESKTOP-8S37I6A" failures="0" tests="3" name="Default test" time="5.861" errors="0" timestamp="2021-06-24T23:06:09 EDT">
  <testcase classname="firstpackage.testing" name="buttons" time="2.29"/>
  <testcase classname="firstpackage.testing" name="imagess" time="1.662"/>
  <testcase classname="firstpackage.testing" name="testlogo" time="1.858"/>
</testsuite> <!-- Default test -->
