<?xml version="1.0" encoding="UTF-8"?>
<testng-results ignored="0" total="3" passed="3" failed="0" skipped="0">
  <reporter-output>
  </reporter-output>
  <suite started-at="2021-06-24T23:06:03 EDT" name="Default suite" finished-at="2021-06-24T23:06:09 EDT" duration-ms="5861">
    <groups>
    </groups>
    <test started-at="2021-06-24T23:06:03 EDT" name="Default test" finished-at="2021-06-24T23:06:09 EDT" duration-ms="5861">
      <class name="firstpackage.testing">
        <test-method is-config="true" signature="setUpClass()[pri:0, instance:firstpackage.testing@5223e5ee]" started-at="2021-06-24T23:06:03 EDT" name="setUpClass" finished-at="2021-06-24T23:06:03 EDT" duration-ms="5" status="PASS">
          <reporter-output>
          </reporter-output>
        </test-method> <!-- setUpClass -->
        <test-method signature="buttons()[pri:0, instance:firstpackage.testing@5223e5ee]" started-at="2021-06-24T23:06:03 EDT" name="buttons" finished-at="2021-06-24T23:06:06 EDT" duration-ms="2290" status="PASS">
          <reporter-output>
          </reporter-output>
        </test-method> <!-- buttons -->
        <test-method signature="imagess()[pri:0, instance:firstpackage.testing@5223e5ee]" started-at="2021-06-24T23:06:06 EDT" name="imagess" finished-at="2021-06-24T23:06:07 EDT" duration-ms="1662" status="PASS">
          <reporter-output>
          </reporter-output>
        </test-method> <!-- imagess -->
        <test-method signature="testlogo()[pri:0, instance:firstpackage.testing@5223e5ee]" started-at="2021-06-24T23:06:07 EDT" name="testlogo" finished-at="2021-06-24T23:06:09 EDT" duration-ms="1858" status="PASS">
          <reporter-output>
          </reporter-output>
        </test-method> <!-- testlogo -->
      </class> <!-- firstpackage.testing -->
    </test> <!-- Default test -->
  </suite> <!-- Default suite -->
</testng-results>
