<?xml version="1.0" encoding="UTF-8"?>
<testng-results ignored="0" total="2" passed="2" failed="0" skipped="0">
  <reporter-output>
  </reporter-output>
  <suite started-at="2021-06-27T12:23:35 EDT" name="Default suite" finished-at="2021-06-27T12:23:39 EDT" duration-ms="3931">
    <groups>
    </groups>
    <test started-at="2021-06-27T12:23:35 EDT" name="Default test" finished-at="2021-06-27T12:23:39 EDT" duration-ms="3931">
      <class name="firstpackage.buttons">
        <test-method is-config="true" signature="setUpClass()[pri:0, instance:firstpackage.buttons@78b66d36]" started-at="2021-06-27T12:23:35 EDT" name="setUpClass" finished-at="2021-06-27T12:23:35 EDT" duration-ms="9" status="PASS">
          <reporter-output>
          </reporter-output>
        </test-method> <!-- setUpClass -->
        <test-method signature="buttons()[pri:0, instance:firstpackage.buttons@78b66d36]" started-at="2021-06-27T12:23:35 EDT" name="buttons" finished-at="2021-06-27T12:23:37 EDT" duration-ms="2191" status="PASS">
          <reporter-output>
          </reporter-output>
        </test-method> <!-- buttons -->
        <test-method signature="imagess()[pri:0, instance:firstpackage.buttons@78b66d36]" started-at="2021-06-27T12:23:37 EDT" name="imagess" finished-at="2021-06-27T12:23:39 EDT" duration-ms="1689" status="PASS">
          <reporter-output>
          </reporter-output>
        </test-method> <!-- imagess -->
      </class> <!-- firstpackage.buttons -->
    </test> <!-- Default test -->
  </suite> <!-- Default suite -->
</testng-results>
